<?xml version="1.0" encoding="UTF-8"?>
<!-- Generated by org.testng.reporters.JUnitReportReporter -->
<testsuite skipped="0" hostname="DESKTOP-6NI868R" name="com.restapi.delete.DeleteUser" tests="1" failures="0" timestamp="22 Nov 2019 15:55:48 GMT" time="4.979" errors="0">
  <testcase name="CreateUser_with_POJO_Test" time="4.979" classname="com.restapi.delete.DeleteUser"/>
</testsuite> <!-- com.restapi.delete.DeleteUser -->
