<?xml version="1.0" encoding="UTF-8"?>
<!-- Generated by org.testng.reporters.JUnitReportReporter -->
<testsuite skipped="0" hostname="DESKTOP-6NI868R" name="non.BDD.example.GetNonBDDAPI" tests="1" failures="0" timestamp="28 Nov 2019 08:04:08 GMT" time="4.010" errors="0">
  <testcase name="GetNonBDD_withHashMap_Test" time="4.010" classname="non.BDD.example.GetNonBDDAPI"/>
</testsuite> <!-- non.BDD.example.GetNonBDDAPI -->
