<?xml version="1.0" encoding="UTF-8"?>
<!-- Generated by org.testng.reporters.JUnitReportReporter -->
<testsuite skipped="0" hostname="DESKTOP-6NI868R" name="com.restapi.put.UpdateBDDAPI" tests="1" failures="0" timestamp="22 Nov 2019 15:40:04 GMT" time="5.557" errors="0">
  <testcase name="CreateUser_with_POJO_Test" time="5.557" classname="com.restapi.put.UpdateBDDAPI"/>
</testsuite> <!-- com.restapi.put.UpdateBDDAPI -->
