<?xml version="1.0" encoding="UTF-8"?>
<!-- Generated by org.testng.reporters.JUnitReportReporter -->
<testsuite skipped="0" hostname="DESKTOP-6NI868R" name="com.restapi.get.GETBDDAPI1" tests="4" failures="0" timestamp="18 Nov 2019 15:13:51 GMT" time="5.374" errors="0">
  <testcase name="GetAPICountryTest" time="0.422" classname="com.restapi.get.GETBDDAPI1"/>
  <testcase name="GetAPICountryTest" time="4.081" classname="com.restapi.get.GETBDDAPI1"/>
  <testcase name="GetAPICountryTest" time="0.430" classname="com.restapi.get.GETBDDAPI1"/>
  <testcase name="GetAPICountryTest" time="0.441" classname="com.restapi.get.GETBDDAPI1"/>
</testsuite> <!-- com.restapi.get.GETBDDAPI1 -->
