<?xml version="1.0" encoding="UTF-8"?>
<!-- Generated by org.testng.reporters.JUnitReportReporter -->
<testsuite skipped="0" hostname="DESKTOP-6NI868R" name="com.different.types.auth.O_auth_2" tests="1" failures="0" timestamp="19 Nov 2019 08:45:44 GMT" time="5.731" errors="0">
  <testcase name="GenerateAuth2Token" time="5.731" classname="com.different.types.auth.O_auth_2"/>
</testsuite> <!-- com.different.types.auth.O_auth_2 -->
