<?xml version="1.0" encoding="UTF-8"?>
<!-- Generated by org.testng.reporters.JUnitReportReporter -->
<testsuite skipped="0" hostname="DESKTOP-6NI868R" name="com.restapi.get.GETBDDAPI" tests="4" failures="0" timestamp="15 Nov 2019 15:30:23 GMT" time="5.924" errors="0">
  <testcase name="CircuitCountVsYearTest" time="0.625" classname="com.restapi.get.GETBDDAPI"/>
  <testcase name="CircuitCountVsYearTest" time="4.079" classname="com.restapi.get.GETBDDAPI"/>
  <testcase name="CircuitCountVsYearTest" time="0.607" classname="com.restapi.get.GETBDDAPI"/>
  <testcase name="CircuitCountVsYearTest" time="0.613" classname="com.restapi.get.GETBDDAPI"/>
</testsuite> <!-- com.restapi.get.GETBDDAPI -->
