<?xml version="1.0" encoding="UTF-8"?>
<!-- Generated by org.testng.reporters.JUnitReportReporter -->
<testsuite skipped="0" hostname="DESKTOP-6NI868R" name="com.restapi.post.PostwithPOJO" tests="1" failures="0" timestamp="22 Nov 2019 08:57:08 GMT" time="6.916" errors="0">
  <testcase name="CreateUser_with_POJO_Test" time="6.916" classname="com.restapi.post.PostwithPOJO"/>
</testsuite> <!-- com.restapi.post.PostwithPOJO -->
