<?xml version="1.0" encoding="UTF-8"?>
<!-- Generated by org.testng.reporters.JUnitReportReporter -->
<testsuite skipped="0" hostname="DESKTOP-6NI868R" name="com.different.types.auth.O_auth_1" tests="1" failures="0" timestamp="19 Nov 2019 13:19:34 GMT" time="4.229" errors="0">
  <testcase name="Oauth1APITest" time="4.229" classname="com.different.types.auth.O_auth_1"/>
</testsuite> <!-- com.different.types.auth.O_auth_1 -->
