<?xml version="1.0" encoding="UTF-8"?>
<!-- Generated by org.testng.reporters.JUnitReportReporter -->
<testsuite skipped="0" hostname="DESKTOP-6NI868R" name="com.restapi.post.PostBDDAPIs" tests="1" failures="0" timestamp="21 Nov 2019 10:06:25 GMT" time="4.068" errors="0">
  <testcase name="createUser_withJsonFile" time="4.068" classname="com.restapi.post.PostBDDAPIs"/>
</testsuite> <!-- com.restapi.post.PostBDDAPIs -->
