<?xml version="1.0" encoding="UTF-8"?>
<!-- Generated by org.testng.reporters.JUnitReportReporter -->
<testsuite skipped="0" hostname="DESKTOP-6NI868R" name="com.different.types.auth.o_auth" tests="1" failures="0" timestamp="19 Nov 2019 05:13:55 GMT" time="3.438" errors="0">
  <testcase name="Oauth_API_Test" time="3.438" classname="com.different.types.auth.o_auth"/>
</testsuite> <!-- com.different.types.auth.o_auth -->
