<?xml version="1.0" encoding="UTF-8"?>
<!-- Generated by org.testng.reporters.JUnitReportReporter -->
<testsuite skipped="0" hostname="DESKTOP-6NI868R" name="com.different.types.auth.basic_auth" tests="1" failures="0" timestamp="19 Nov 2019 04:59:00 GMT" time="6.072" errors="0">
  <testcase name="Basic_API_Auth_Test" time="6.072" classname="com.different.types.auth.basic_auth"/>
</testsuite> <!-- com.different.types.auth.basic_auth -->
