<?xml version="1.0" encoding="UTF-8"?>
<!-- Generated by org.testng.reporters.JUnitReportReporter -->
<testsuite skipped="0" hostname="DESKTOP-6NI868R" name="com.schema.validator.ValidateSchemaTest" tests="1" failures="0" timestamp="21 Nov 2019 15:07:12 GMT" time="5.112" errors="0">
  <testcase name="GetUserSchemaTest" time="5.112" classname="com.schema.validator.ValidateSchemaTest"/>
</testsuite> <!-- com.schema.validator.ValidateSchemaTest -->
